<?xml version="1.0" encoding="utf-8"?><testsuites name="pytest tests"><testsuite name="pytest" errors="0" failures="0" skipped="1" tests="8" time="23.284" timestamp="2026-05-06T21:04:40.110605+00:00" hostname="agent-env-22433920-5468-4234-8b0b-0e22d23a306c"><testcase classname="backend.tests.backend_test.TestRoot" name="test_root_ok" time="3.760" /><testcase classname="backend.tests.backend_test.TestSampleGallery" name="test_gallery_returns_4_categories" time="0.214" /><testcase classname="backend.tests.backend_test.TestAnalyzeValidation" name="test_invalid_base64_returns_400" time="0.133" /><testcase classname="backend.tests.backend_test.TestAnalyzeValidation" name="test_oversized_payload_returns_400" time="11.833" /><testcase classname="backend.tests.backend_test.TestAnalyzeMRI" name="test_mri_response_shape" time="3.805" /><testcase classname="backend.tests.backend_test.TestAnalyzeMRI" name="test_mri_when_accepted_has_doctor_analysis" time="0.000"><skipped type="pytest.skip" message="Synthetic MRI rejected by LLM: This is a synthetic test image showing a simplified circular diagram with basic geometric shapes (circles) that does not represent actual brain anatomy or MRI imaging characteristics. It lacks the typical grayscale intensity variations, anatomical structures, and tissue contrast patterns expected in real brain MRI scans.">/app/backend/tests/backend_test.py:154: Synthetic MRI rejected by LLM: This is a synthetic test image showing a simplified circular diagram with basic geometric shapes (circles) that does not represent actual brain anatomy or MRI imaging characteristics. It lacks the typical grayscale intensity variations, anatomical structures, and tissue contrast patterns expected in real brain MRI scans.</skipped></testcase><testcase classname="backend.tests.backend_test.TestAnalyzeRejection" name="test_paper_rejected_as_non_mri" time="3.130" /><testcase classname="backend.tests.backend_test.TestHistory" name="test_history_after_analyses" time="0.266" /></testsuite></testsuites>