<?xml version="1.0" encoding="utf-8"?><testsuites name="pytest tests"><testsuite name="pytest" errors="0" failures="0" skipped="0" tests="17" time="91.295" timestamp="2026-05-06T21:28:46.885691+00:00" hostname="agent-env-22433920-5468-4234-8b0b-0e22d23a306c"><testcase classname="backend.tests.backend_test.TestRoot" name="test_root_ok" time="8.123" /><testcase classname="backend.tests.backend_test.TestDatasets" name="test_datasets_returns_5" time="0.251" /><testcase classname="backend.tests.backend_test.TestDatasets" name="test_each_dataset_has_required_fields" time="0.127" /><testcase classname="backend.tests.backend_test.TestSampleImage" name="test_valid_sample_image" time="0.141" /><testcase classname="backend.tests.backend_test.TestSampleImage" name="test_unknown_sample_returns_404" time="0.175" /><testcase classname="backend.tests.backend_test.TestAnalyzeValidation" name="test_unknown_dataset_returns_400" time="0.124" /><testcase classname="backend.tests.backend_test.TestAnalyzeValidation" name="test_invalid_base64_returns_400" time="0.146" /><testcase classname="backend.tests.backend_test.TestAnalyzeValidation" name="test_oversized_payload_returns_400" time="6.202" /><testcase classname="backend.tests.backend_test.TestAnalyzeSample" name="test_analyze_sample_self_classifies[brain_mri__pituitary-pituitary-True]" time="23.529" /><testcase classname="backend.tests.backend_test.TestAnalyzeSample" name="test_analyze_sample_self_classifies[lung_ct__adenocarcinoma-adenocarcinoma-True]" time="12.300" /><testcase classname="backend.tests.backend_test.TestAnalyzeSample" name="test_analyze_sample_self_classifies[kidney_ct__tumor-tumor-True]" time="11.202" /><testcase classname="backend.tests.backend_test.TestAnalyzeSample" name="test_analyze_sample_self_classifies[breast_us__normal-normal-False]" time="9.748" /><testcase classname="backend.tests.backend_test.TestAnalyzeSample" name="test_bad_sample_id_404" time="0.189" /><testcase classname="backend.tests.backend_test.TestAnalyzeSample" name="test_malformed_sample_id_400" time="0.129" /><testcase classname="backend.tests.backend_test.TestAnalyzeUpload" name="test_paper_rejected" time="3.227" /><testcase classname="backend.tests.backend_test.TestAnalyzeUpload" name="test_mri_synthetic_response_shape" time="15.292" /><testcase classname="backend.tests.backend_test.TestHistory" name="test_history_excludes_mongo_id" time="0.150" /></testsuite></testsuites>